This is pdfTeX, Version 3.1415926-2.3-1.40.12 (MiKTeX 2.9 64-bit) (preloaded format=pdflatex 2012.10.20)  12 MAY 2013 18:33
entering extended mode
**Thesis.tex
(C:\Users\HP\cambridge\ResearchProj\ResearchProject\Thesis.tex
LaTeX2e <2011/06/27>
Babel <v3.8m> and hyphenation patterns for english, afrikaans, ancientgreek, ar
abic, armenian, assamese, basque, bengali, bokmal, bulgarian, catalan, coptic, 
croatian, czech, danish, dutch, esperanto, estonian, farsi, finnish, french, ga
lician, german, german-x-2009-06-19, greek, gujarati, hindi, hungarian, iceland
ic, indonesian, interlingua, irish, italian, kannada, kurmanji, lao, latin, lat
vian, lithuanian, malayalam, marathi, mongolian, mongolianlmc, monogreek, ngerm
an, ngerman-x-2009-06-19, nynorsk, oriya, panjabi, pinyin, polish, portuguese, 
romanian, russian, sanskrit, serbian, slovak, slovenian, spanish, swedish, swis
sgerman, tamil, telugu, turkish, turkmen, ukenglish, ukrainian, uppersorbian, u
senglishmax, welsh, loaded.
("C:\Program Files\MiKTeX 2.9\tex\latex\thesis\thesis.cls"
Document Class: thesis 1996/25/01 1.0g LaTeX document class (wm).
\hours=\count79
\minutes=\count80
("C:\Program Files\MiKTeX 2.9\tex\latex\base\bk12.clo"
File: bk12.clo 2007/10/19 v1.4h Standard LaTeX file (size option)
)
\c@part=\count81
\c@chapter=\count82
\c@section=\count83
\c@subsection=\count84
\c@subsubsection=\count85
\c@paragraph=\count86
\c@subparagraph=\count87
\beforechaptervspace=\skip41
\afterchaptervspace=\skip42
\exampleindent=\skip43
\c@figure=\count88
\c@table=\count89
\abovecaptionskip=\skip44
\belowcaptionskip=\skip45
\bibindent=\dimen102
)
("C:\Program Files\MiKTeX 2.9\tex\latex\base\inputenc.sty"
Package: inputenc 2008/03/30 v1.1d Input encoding file
\inpenc@prehook=\toks14
\inpenc@posthook=\toks15

("C:\Program Files\MiKTeX 2.9\tex\latex\base\ansinew.def"
File: ansinew.def 2008/03/30 v1.1d Input encoding file
))
("C:\Program Files\MiKTeX 2.9\tex\latex\ams\math\amsmath.sty"
Package: amsmath 2000/07/18 v2.13 AMS math features
\@mathmargin=\skip46

For additional information on amsmath, use the `?' option.
("C:\Program Files\MiKTeX 2.9\tex\latex\ams\math\amstext.sty"
Package: amstext 2000/06/29 v2.01

("C:\Program Files\MiKTeX 2.9\tex\latex\ams\math\amsgen.sty"
File: amsgen.sty 1999/11/30 v2.0
\@emptytoks=\toks16
\ex@=\dimen103
))
("C:\Program Files\MiKTeX 2.9\tex\latex\ams\math\amsbsy.sty"
Package: amsbsy 1999/11/29 v1.2d
\pmbraise@=\dimen104
)
("C:\Program Files\MiKTeX 2.9\tex\latex\ams\math\amsopn.sty"
Package: amsopn 1999/12/14 v2.01 operator names
)
\inf@bad=\count90
LaTeX Info: Redefining \frac on input line 211.
\uproot@=\count91
\leftroot@=\count92
LaTeX Info: Redefining \overline on input line 307.
\classnum@=\count93
\DOTSCASE@=\count94
LaTeX Info: Redefining \ldots on input line 379.
LaTeX Info: Redefining \dots on input line 382.
LaTeX Info: Redefining \cdots on input line 467.
\Mathstrutbox@=\box26
\strutbox@=\box27
\big@size=\dimen105
LaTeX Font Info:    Redeclaring font encoding OML on input line 567.
LaTeX Font Info:    Redeclaring font encoding OMS on input line 568.
\macc@depth=\count95
\c@MaxMatrixCols=\count96
\dotsspace@=\muskip10
\c@parentequation=\count97
\dspbrk@lvl=\count98
\tag@help=\toks17
\row@=\count99
\column@=\count100
\maxfields@=\count101
\andhelp@=\toks18
\eqnshift@=\dimen106
\alignsep@=\dimen107
\tagshift@=\dimen108
\tagwidth@=\dimen109
\totwidth@=\dimen110
\lineht@=\dimen111
\@envbody=\toks19
\multlinegap=\skip47
\multlinetaggap=\skip48
\mathdisplay@stack=\toks20
LaTeX Info: Redefining \[ on input line 2666.
LaTeX Info: Redefining \] on input line 2667.
)
("C:\Program Files\MiKTeX 2.9\tex\latex\amsfonts\amsfonts.sty"
Package: amsfonts 2009/06/22 v3.00 Basic AMSFonts support
\symAMSa=\mathgroup4
\symAMSb=\mathgroup5
LaTeX Font Info:    Overwriting math alphabet `\mathfrak' in version `bold'
(Font)                  U/euf/m/n --> U/euf/b/n on input line 96.
)
("C:\Program Files\MiKTeX 2.9\tex\latex\amsfonts\amssymb.sty"
Package: amssymb 2009/06/22 v3.00
)
("C:\Program Files\MiKTeX 2.9\tex\latex\setspace\setspace.sty"
Package: setspace 2011/12/19 v6.7a set line spacing
)
("C:\Program Files\MiKTeX 2.9\tex\latex\subfig\subfig.sty"
Package: subfig 2005/06/28 ver: 1.3 subfig package

("C:\Program Files\MiKTeX 2.9\tex\latex\graphics\keyval.sty"
Package: keyval 1999/03/16 v1.13 key=value parser (DPC)
\KV@toks@=\toks21
)
("C:\Program Files\MiKTeX 2.9\tex\latex\caption\caption.sty"
Package: caption 2012/02/19 v3.2f Customizing captions (AR)

("C:\Program Files\MiKTeX 2.9\tex\latex\caption\caption3.sty"
Package: caption3 2012/01/12 v1.4b caption3 kernel (AR)
\captionmargin=\dimen112
\captionmargin@=\dimen113
\captionwidth=\dimen114
\caption@indent=\dimen115
\caption@parindent=\dimen116
\caption@hangindent=\dimen117
)
\c@ContinuedFloat=\count102
)
\c@KVtest=\count103
\sf@farskip=\skip49
\sf@captopadj=\dimen118
\sf@capskip=\skip50
\sf@nearskip=\skip51
\c@subfigure=\count104
\c@subfigure@save=\count105
\c@lofdepth=\count106
\c@subtable=\count107
\c@subtable@save=\count108
\c@lotdepth=\count109
\sf@top=\skip52
\sf@bottom=\skip53
)
("C:\Program Files\MiKTeX 2.9\tex\latex\multirow\multirow.sty"
\bigstrutjot=\dimen119
)
("C:\Program Files\MiKTeX 2.9\tex\latex\base\textcomp.sty"
Package: textcomp 2005/09/27 v1.99g Standard LaTeX package
Package textcomp Info: Sub-encoding information:
(textcomp)               5 = only ISO-Adobe without \textcurrency
(textcomp)               4 = 5 + \texteuro
(textcomp)               3 = 4 + \textohm
(textcomp)               2 = 3 + \textestimated + \textcurrency
(textcomp)               1 = TS1 - \textcircled - \t
(textcomp)               0 = TS1 (full)
(textcomp)             Font families with sub-encoding setting implement
(textcomp)             only a restricted character set as indicated.
(textcomp)             Family '?' is the default used for unknown fonts.
(textcomp)             See the documentation for details.
Package textcomp Info: Setting ? sub-encoding to TS1/1 on input line 71.

("C:\Program Files\MiKTeX 2.9\tex\latex\base\ts1enc.def"
File: ts1enc.def 2001/06/05 v3.0e (jk/car/fm) Standard LaTeX file
)
LaTeX Info: Redefining \oldstylenums on input line 266.
Package textcomp Info: Setting cmr sub-encoding to TS1/0 on input line 281.
Package textcomp Info: Setting cmss sub-encoding to TS1/0 on input line 282.
Package textcomp Info: Setting cmtt sub-encoding to TS1/0 on input line 283.
Package textcomp Info: Setting cmvtt sub-encoding to TS1/0 on input line 284.
Package textcomp Info: Setting cmbr sub-encoding to TS1/0 on input line 285.
Package textcomp Info: Setting cmtl sub-encoding to TS1/0 on input line 286.
Package textcomp Info: Setting ccr sub-encoding to TS1/0 on input line 287.
Package textcomp Info: Setting ptm sub-encoding to TS1/4 on input line 288.
Package textcomp Info: Setting pcr sub-encoding to TS1/4 on input line 289.
Package textcomp Info: Setting phv sub-encoding to TS1/4 on input line 290.
Package textcomp Info: Setting ppl sub-encoding to TS1/3 on input line 291.
Package textcomp Info: Setting pag sub-encoding to TS1/4 on input line 292.
Package textcomp Info: Setting pbk sub-encoding to TS1/4 on input line 293.
Package textcomp Info: Setting pnc sub-encoding to TS1/4 on input line 294.
Package textcomp Info: Setting pzc sub-encoding to TS1/4 on input line 295.
Package textcomp Info: Setting bch sub-encoding to TS1/4 on input line 296.
Package textcomp Info: Setting put sub-encoding to TS1/5 on input line 297.
Package textcomp Info: Setting uag sub-encoding to TS1/5 on input line 298.
Package textcomp Info: Setting ugq sub-encoding to TS1/5 on input line 299.
Package textcomp Info: Setting ul8 sub-encoding to TS1/4 on input line 300.
Package textcomp Info: Setting ul9 sub-encoding to TS1/4 on input line 301.
Package textcomp Info: Setting augie sub-encoding to TS1/5 on input line 302.
Package textcomp Info: Setting dayrom sub-encoding to TS1/3 on input line 303.
Package textcomp Info: Setting dayroms sub-encoding to TS1/3 on input line 304.

Package textcomp Info: Setting pxr sub-encoding to TS1/0 on input line 305.
Package textcomp Info: Setting pxss sub-encoding to TS1/0 on input line 306.
Package textcomp Info: Setting pxtt sub-encoding to TS1/0 on input line 307.
Package textcomp Info: Setting txr sub-encoding to TS1/0 on input line 308.
Package textcomp Info: Setting txss sub-encoding to TS1/0 on input line 309.
Package textcomp Info: Setting txtt sub-encoding to TS1/0 on input line 310.
Package textcomp Info: Setting lmr sub-encoding to TS1/0 on input line 311.
Package textcomp Info: Setting lmdh sub-encoding to TS1/0 on input line 312.
Package textcomp Info: Setting lmss sub-encoding to TS1/0 on input line 313.
Package textcomp Info: Setting lmssq sub-encoding to TS1/0 on input line 314.
Package textcomp Info: Setting lmvtt sub-encoding to TS1/0 on input line 315.
Package textcomp Info: Setting qhv sub-encoding to TS1/0 on input line 316.
Package textcomp Info: Setting qag sub-encoding to TS1/0 on input line 317.
Package textcomp Info: Setting qbk sub-encoding to TS1/0 on input line 318.
Package textcomp Info: Setting qcr sub-encoding to TS1/0 on input line 319.
Package textcomp Info: Setting qcs sub-encoding to TS1/0 on input line 320.
Package textcomp Info: Setting qpl sub-encoding to TS1/0 on input line 321.
Package textcomp Info: Setting qtm sub-encoding to TS1/0 on input line 322.
Package textcomp Info: Setting qzc sub-encoding to TS1/0 on input line 323.
Package textcomp Info: Setting qhvc sub-encoding to TS1/0 on input line 324.
Package textcomp Info: Setting futs sub-encoding to TS1/4 on input line 325.
Package textcomp Info: Setting futx sub-encoding to TS1/4 on input line 326.
Package textcomp Info: Setting futj sub-encoding to TS1/4 on input line 327.
Package textcomp Info: Setting hlh sub-encoding to TS1/3 on input line 328.
Package textcomp Info: Setting hls sub-encoding to TS1/3 on input line 329.
Package textcomp Info: Setting hlst sub-encoding to TS1/3 on input line 330.
Package textcomp Info: Setting hlct sub-encoding to TS1/5 on input line 331.
Package textcomp Info: Setting hlx sub-encoding to TS1/5 on input line 332.
Package textcomp Info: Setting hlce sub-encoding to TS1/5 on input line 333.
Package textcomp Info: Setting hlcn sub-encoding to TS1/5 on input line 334.
Package textcomp Info: Setting hlcw sub-encoding to TS1/5 on input line 335.
Package textcomp Info: Setting hlcf sub-encoding to TS1/5 on input line 336.
Package textcomp Info: Setting pplx sub-encoding to TS1/3 on input line 337.
Package textcomp Info: Setting pplj sub-encoding to TS1/3 on input line 338.
Package textcomp Info: Setting ptmx sub-encoding to TS1/4 on input line 339.
Package textcomp Info: Setting ptmj sub-encoding to TS1/4 on input line 340.
)
("C:\Program Files\MiKTeX 2.9\tex\latex\booktabs\booktabs.sty"
Package: booktabs 2005/04/14 v1.61803 publication quality tables
\heavyrulewidth=\dimen120
\lightrulewidth=\dimen121
\cmidrulewidth=\dimen122
\belowrulesep=\dimen123
\belowbottomsep=\dimen124
\aboverulesep=\dimen125
\abovetopsep=\dimen126
\cmidrulesep=\dimen127
\cmidrulekern=\dimen128
\defaultaddspace=\dimen129
\@cmidla=\count110
\@cmidlb=\count111
\@aboverulesep=\dimen130
\@belowrulesep=\dimen131
\@thisruleclass=\count112
\@lastruleclass=\count113
\@thisrulewidth=\dimen132
)
("C:\Program Files\MiKTeX 2.9\tex\latex\tools\tabularx.sty"
Package: tabularx 1999/01/07 v2.07 `tabularx' package (DPC)

("C:\Program Files\MiKTeX 2.9\tex\latex\tools\array.sty"
Package: array 2008/09/09 v2.4c Tabular extension package (FMi)
\col@sep=\dimen133
\extrarowheight=\dimen134
\NC@list=\toks22
\extratabsurround=\skip54
\backup@length=\skip55
)
\TX@col@width=\dimen135
\TX@old@table=\dimen136
\TX@old@col=\dimen137
\TX@target=\dimen138
\TX@delta=\dimen139
\TX@cols=\count114
\TX@ftn=\toks23
)
("C:\Program Files\MiKTeX 2.9\tex\latex\graphics\graphicx.sty"
Package: graphicx 1999/02/16 v1.0f Enhanced LaTeX Graphics (DPC,SPQR)

("C:\Program Files\MiKTeX 2.9\tex\latex\graphics\graphics.sty"
Package: graphics 2009/02/05 v1.0o Standard LaTeX Graphics (DPC,SPQR)

("C:\Program Files\MiKTeX 2.9\tex\latex\graphics\trig.sty"
Package: trig 1999/03/16 v1.09 sin cos tan (DPC)
)
("C:\Program Files\MiKTeX 2.9\tex\latex\00miktex\graphics.cfg"
File: graphics.cfg 2007/01/18 v1.5 graphics configuration of teTeX/TeXLive
)
Package graphics Info: Driver file: pdftex.def on input line 91.

("C:\Program Files\MiKTeX 2.9\tex\latex\pdftex-def\pdftex.def"
File: pdftex.def 2011/05/27 v0.06d Graphics/color for pdfTeX

("C:\Program Files\MiKTeX 2.9\tex\generic\oberdiek\infwarerr.sty"
Package: infwarerr 2010/04/08 v1.3 Providing info/warning/error messages (HO)
)
("C:\Program Files\MiKTeX 2.9\tex\generic\oberdiek\ltxcmds.sty"
Package: ltxcmds 2011/11/09 v1.22 LaTeX kernel commands for general use (HO)
)
\Gread@gobject=\count115
))
\Gin@req@height=\dimen140
\Gin@req@width=\dimen141
)
("C:\Program Files\MiKTeX 2.9\tex\latex\geometry\geometry.sty"
Package: geometry 2010/09/12 v5.6 Page Geometry

("C:\Program Files\MiKTeX 2.9\tex\generic\oberdiek\ifpdf.sty"
Package: ifpdf 2011/01/30 v2.3 Provides the ifpdf switch (HO)
Package ifpdf Info: pdfTeX in PDF mode is detected.
)
("C:\Program Files\MiKTeX 2.9\tex\generic\oberdiek\ifvtex.sty"
Package: ifvtex 2010/03/01 v1.5 Detect VTeX and its facilities (HO)
Package ifvtex Info: VTeX not detected.
)
("C:\Program Files\MiKTeX 2.9\tex\generic\ifxetex\ifxetex.sty"
Package: ifxetex 2010/09/12 v0.6 Provides ifxetex conditional
)
\Gm@cnth=\count116
\Gm@cntv=\count117
\c@Gm@tempcnt=\count118
\Gm@bindingoffset=\dimen142
\Gm@wd@mp=\dimen143
\Gm@odd@mp=\dimen144
\Gm@even@mp=\dimen145
\Gm@layoutwidth=\dimen146
\Gm@layoutheight=\dimen147
\Gm@layouthoffset=\dimen148
\Gm@layoutvoffset=\dimen149
\Gm@dimlist=\toks24

("C:\Program Files\MiKTeX 2.9\tex\latex\geometry\geometry.cfg"))
("C:\Program Files\MiKTeX 2.9\tex\latex\placeins\placeins.sty"
Package: placeins 2005/04/18  v 2.2
)
("C:\Program Files\MiKTeX 2.9\tex\latex\eurosym\eurosym.sty"
Package: eurosym 1998/08/06 v1.1 European currency symbol ``Euro''
\@eurobox=\box28
)
("C:\Program Files\MiKTeX 2.9\tex\latex\biblatex\biblatex.sty"
Package: biblatex 2011/11/13 v1.7 programmable bibliographies

("C:\Program Files\MiKTeX 2.9\tex\latex\etoolbox\etoolbox.sty"
Package: etoolbox 2011/01/03 v2.1 e-TeX tools for LaTeX

("C:\Program Files\MiKTeX 2.9\tex\latex\misc\etex.sty"
Package: etex 1998/03/26 v2.0 eTeX basic definition package (PEB)
\et@xins=\count119
)
\etb@tempcnta=\count120
)
("C:\Program Files\MiKTeX 2.9\tex\latex\logreq\logreq.sty"
Package: logreq 2010/08/04 v1.0 xml request logger
\lrq@indent=\count121

("C:\Program Files\MiKTeX 2.9\tex\latex\logreq\logreq.def"
File: logreq.def 2010/08/04 v1.0 logreq spec v1.0
))
("C:\Program Files\MiKTeX 2.9\tex\latex\base\ifthen.sty"
Package: ifthen 2001/05/26 v1.1c Standard LaTeX ifthen package (DPC)
)
("C:\Program Files\MiKTeX 2.9\tex\latex\ltxmisc\url.sty"
\Urlmuskip=\muskip11
Package: url 2006/04/12  ver 3.3  Verb mode for urls, etc.
)
\c@listtotal=\count122
\c@listcount=\count123
\c@liststart=\count124
\c@liststop=\count125
\c@citecount=\count126
\c@citetotal=\count127
\c@multicitecount=\count128
\c@multicitetotal=\count129
\c@instcount=\count130
\c@maxnames=\count131
\c@minnames=\count132
\c@maxitems=\count133
\c@minitems=\count134
\c@citecounter=\count135
\c@savedcitecounter=\count136
\c@uniquelist=\count137
\c@uniquename=\count138
\c@refsection=\count139
\c@refsegment=\count140
\c@maxextrayear=\count141
\c@maxextraalpha=\count142
\c@abbrvpenalty=\count143
\c@highnamepenalty=\count144
\c@lownamepenalty=\count145
\c@maxparens=\count146
\c@parenlevel=\count147
\blx@tempcnta=\count148
\blx@tempcntb=\count149
\blx@tempcntc=\count150
\blx@maxsection=\count151
\blx@maxsegment=\count152
\blx@notetype=\count153
\blx@parenlevel@text=\count154
\blx@parenlevel@foot=\count155
\labelnumberwidth=\skip56
\labelalphawidth=\skip57
\shorthandwidth=\skip58
\biblabelsep=\skip59
\bibitemsep=\skip60
\bibnamesep=\skip61
\bibinitsep=\skip62
\bibparsep=\skip63
\bibhang=\skip64
\blx@auxin=\read1
\blx@auxout=\write3
\c@mincomprange=\count156
\c@maxcomprange=\count157
\c@mincompwidth=\count158
\c@labelname=\count159
\c@savedlabelname=\count160
\c@author=\count161
\c@savedauthor=\count162
\c@shortauthor=\count163
\c@savedshortauthor=\count164
\c@editor=\count165
\c@savededitor=\count166
\c@editora=\count167
\c@savededitora=\count168
\c@editorb=\count169
\c@savededitorb=\count170
\c@editorc=\count171
\c@savededitorc=\count172
\c@shorteditor=\count173
\c@savedshorteditor=\count174
\c@bookauthor=\count175
\c@savedbookauthor=\count176
\c@translator=\count177
\c@savedtranslator=\count178
\c@annotator=\count179
\c@savedannotator=\count180
\c@commentator=\count181
\c@savedcommentator=\count182
\c@introduction=\count183
\c@savedintroduction=\count184
\c@foreword=\count185
\c@savedforeword=\count186
\c@afterword=\count187
\c@savedafterword=\count188
\c@holder=\count189
\c@savedholder=\count190
\c@namea=\count191
\c@savednamea=\count192
\c@nameb=\count193
\c@savednameb=\count194
\c@namec=\count195
\c@savednamec=\count196
\c@institution=\count197
\c@savedinstitution=\count198
\c@language=\count199
\c@savedlanguage=\count200
\c@location=\count201
\c@savedlocation=\count202
\c@organization=\count203
\c@savedorganization=\count204
\c@origlocation=\count205
\c@savedoriglocation=\count206
\c@origpublisher=\count207
\c@savedorigpublisher=\count208
\c@pageref=\count209
\c@savedpageref=\count210
\c@publisher=\count211
\c@savedpublisher=\count212
\c@lista=\count213
\c@savedlista=\count214
\c@listb=\count215
\c@savedlistb=\count216
\c@listc=\count217
\c@savedlistc=\count218
\c@listd=\count219
\c@savedlistd=\count220
\c@liste=\count221
\c@savedliste=\count222
\c@listf=\count223
\c@savedlistf=\count224
Package biblatex Info: Trying to load compatibility code...
Package biblatex Info: ... file 'blx-compat.def' found.

("C:\Program Files\MiKTeX 2.9\tex\latex\biblatex\blx-compat.def"
File: blx-compat.def 2011/11/13 v1.7 biblatex generic compatibility
)
Package biblatex Info: Trying to load generic definitions...
Package biblatex Info: ... file 'biblatex.def' found.

("C:\Program Files\MiKTeX 2.9\tex\latex\biblatex\biblatex.def"
File: biblatex.def 2011/11/13 v1.7 biblatex generic definitions
\c@biburlnumpenalty=\count225
\c@biburlucpenalty=\count226
\c@biburllcpenalty=\count227
\c@smartand=\count228
)
Package biblatex Info: Trying to load natbib compatibility...
Package biblatex Info: ... file 'blx-natbib.def' found.

("C:\Program Files\MiKTeX 2.9\tex\latex\biblatex\blx-natbib.def"
File: blx-natbib.def 2011/11/13 v1.7 biblatex natbib compatibility
)
Package biblatex Info: Trying to load bibliography style 'numeric'...
Package biblatex Info: ... file 'numeric.bbx' found.

("C:\Program Files\MiKTeX 2.9\tex\latex\biblatex\bbx\numeric.bbx"
File: numeric.bbx 2011/11/13 v1.7 biblatex bibliography style
Package biblatex Info: Trying to load bibliography style 'standard'...
Package biblatex Info: ... file 'standard.bbx' found.

("C:\Program Files\MiKTeX 2.9\tex\latex\biblatex\bbx\standard.bbx"
File: standard.bbx 2011/11/13 v1.7 biblatex bibliography style
))
Package biblatex Info: Trying to load citation style 'science'...
Package biblatex Info: ... file 'science.cbx' found.

("C:\Program Files\MiKTeX 2.9\tex\latex\biblatex-science\science.cbx"
File: science.cbx 2011/03/13 v1.1 biblatex citation style
Package biblatex Info: Trying to load citation style 'numeric-comp'...
Package biblatex Info: ... file 'numeric-comp.cbx' found.

("C:\Program Files\MiKTeX 2.9\tex\latex\biblatex\cbx\numeric-comp.cbx"
File: numeric-comp.cbx 2011/11/13 v1.7 biblatex citation style
\c@cbx@tempcnta=\count229
\c@cbx@tempcntb=\count230
Package biblatex Info: Redefining '\cite'.
Package biblatex Info: Redefining '\parencite'.
Package biblatex Info: Redefining '\footcite'.
Package biblatex Info: Redefining '\footcitetext'.
Package biblatex Info: Redefining '\smartcite'.
Package biblatex Info: Redefining '\textcite'.
Package biblatex Info: Redefining '\supercite'.
Package biblatex Info: Redefining '\cites'.
Package biblatex Info: Redefining '\parencites'.
Package biblatex Info: Redefining '\smartcites'.
))
Package biblatex Info: Trying to load configuration file...
Package biblatex Info: ... file 'biblatex.cfg' found.

("C:\Program Files\MiKTeX 2.9\tex\latex\biblatex\biblatex.cfg"
File: biblatex.cfg 
))
("C:\Program Files\MiKTeX 2.9\tex\latex\threeparttable\threeparttable.sty"
Package: threeparttable 2003/06/13  v 3.0
\@tempboxb=\box29
)
Package biblatex Info: Trying to load language 'english'...
Package biblatex Info: ... file 'english.lbx' found.

("C:\Program Files\MiKTeX 2.9\tex\latex\biblatex\lbx\english.lbx"
File: english.lbx 2011/11/13 v1.7 biblatex localization
)
\@quotelevel=\count231
\@quotereset=\count232

(C:\Users\HP\cambridge\ResearchProj\ResearchProject\Thesis.aux
(C:\Users\HP\cambridge\ResearchProj\ResearchProject\acknowledgements.aux)
(C:\Users\HP\cambridge\ResearchProj\ResearchProject\introduction.aux)
(C:\Users\HP\cambridge\ResearchProj\ResearchProject\theoreticalconsiderations.a
ux) (C:\Users\HP\cambridge\ResearchProj\ResearchProject\methods.aux)
(C:\Users\HP\cambridge\ResearchProj\ResearchProject\resultsanddiscussion.aux))
LaTeX Font Info:    Checking defaults for OML/cmm/m/it on input line 15.
LaTeX Font Info:    ... okay on input line 15.
LaTeX Font Info:    Checking defaults for T1/cmr/m/n on input line 15.
LaTeX Font Info:    ... okay on input line 15.
LaTeX Font Info:    Checking defaults for OT1/cmr/m/n on input line 15.
LaTeX Font Info:    ... okay on input line 15.
LaTeX Font Info:    Checking defaults for OMS/cmsy/m/n on input line 15.
LaTeX Font Info:    ... okay on input line 15.
LaTeX Font Info:    Checking defaults for OMX/cmex/m/n on input line 15.
LaTeX Font Info:    ... okay on input line 15.
LaTeX Font Info:    Checking defaults for U/cmr/m/n on input line 15.
LaTeX Font Info:    ... okay on input line 15.
LaTeX Font Info:    Checking defaults for TS1/cmr/m/n on input line 15.
LaTeX Font Info:    Try loading font information for TS1+cmr on input line 15.

("C:\Program Files\MiKTeX 2.9\tex\latex\base\ts1cmr.fd"
File: ts1cmr.fd 1999/05/25 v2.5h Standard LaTeX font definitions
)
LaTeX Font Info:    ... okay on input line 15.
Package caption Info: Begin \AtBeginDocument code.
Package caption Info: subfig package v1.3 is loaded.
Package caption Info: threeparttable package is loaded.
Package caption Info: End \AtBeginDocument code.

("C:\Program Files\MiKTeX 2.9\tex\context\base\supp-pdf.mkii"
[Loading MPS to PDF converter (version 2006.09.02).]
\scratchcounter=\count233
\scratchdimen=\dimen150
\scratchbox=\box30
Normal \count register pool exhausted, switching to extended pool.
\nofMPsegments=\count277
\nofMParguments=\count278
\everyMPshowfont=\toks25
\MPscratchCnt=\count279
\MPscratchDim=\dimen151
\MPnumerator=\count280
\makeMPintoPDFobject=\count281
\everyMPtoPDFconversion=\toks26
)
*geometry* driver: auto-detecting
*geometry* detected driver: pdftex
*geometry* verbose mode - [ preamble ] result:
* driver: pdftex
* paper: a4paper
* layout: <same size as paper>
* layoutoffset:(h,v)=(0.0pt,0.0pt)
* modes: 
* h-part:(L,W,R)=(56.9055pt, 483.69687pt, 56.9055pt)
* v-part:(T,H,B)=(101.40665pt, 591.5302pt, 152.11pt)
* \paperwidth=597.50787pt
* \paperheight=845.04684pt
* \textwidth=483.69687pt
* \textheight=591.5302pt
* \oddsidemargin=-15.36449pt
* \evensidemargin=-15.36449pt
* \topmargin=-2.73714pt
* \headheight=12.0pt
* \headsep=19.8738pt
* \topskip=12.0pt
* \footskip=30.0pt
* \marginparwidth=38.0pt
* \marginparsep=7.0pt
* \columnsep=10.0pt
* \skip\footins=10.8pt plus 4.0pt minus 2.0pt
* \hoffset=0.0pt
* \voffset=0.0pt
* \mag=1000
* \@twocolumnfalse
* \@twosidefalse
* \@mparswitchfalse
* \@reversemarginfalse
* (1in=72.27pt=25.4mm, 1cm=28.453pt)

Package biblatex Info: Input encoding 'ansinew' detected.
Package biblatex Info: Automatic encoding selection.
(biblatex)             Assuming data encoding 'ansinew'.

Package biblatex Warning: Data encoding is 'ansinew'.
(biblatex)                Use backend=bibtex8 or backend=biber.

Package biblatex Info: Trying to load bibliographic data...
Package biblatex Info: ... file 'Thesis.bbl' not found.
No file Thesis.bbl.
Package biblatex Info: Reference section=0 on input line 15.
Package biblatex Info: Reference segment=0 on input line 15.
[1



{C:/ProgramData/MiKTeX/2.9/pdftex/config/pdftex.map}]
(C:\Users\HP\cambridge\ResearchProj\ResearchProject\acknowledgements.tex)
[2


] (C:\Users\HP\cambridge\ResearchProj\ResearchProject\Thesis.toc
LaTeX Font Info:    Try loading font information for U+msa on input line 3.

("C:\Program Files\MiKTeX 2.9\tex\latex\amsfonts\umsa.fd"
File: umsa.fd 2009/06/22 v3.00 AMS symbols A
)
LaTeX Font Info:    Try loading font information for U+msb on input line 3.

("C:\Program Files\MiKTeX 2.9\tex\latex\amsfonts\umsb.fd"
File: umsb.fd 2009/06/22 v3.00 AMS symbols B
))
\tf@toc=\write4
 [3


]
(C:\Users\HP\cambridge\ResearchProj\ResearchProject\introduction.tex
Chapter 1.
) [1



]
(C:\Users\HP\cambridge\ResearchProj\ResearchProject\theoreticalconsiderations.t
ex
Chapter 2.
) [2



] (C:\Users\HP\cambridge\ResearchProj\ResearchProject\methods.tex
Chapter 3.
) [3



]
(C:\Users\HP\cambridge\ResearchProj\ResearchProject\resultsanddiscussion.tex
Chapter 4.
) [4



]

LaTeX Warning: Empty bibliography on input line 36.

(C:\Users\HP\cambridge\ResearchProj\ResearchProject\Thesis.aux
(C:\Users\HP\cambridge\ResearchProj\ResearchProject\acknowledgements.aux)
(C:\Users\HP\cambridge\ResearchProj\ResearchProject\introduction.aux)
(C:\Users\HP\cambridge\ResearchProj\ResearchProject\theoreticalconsiderations.a
ux) (C:\Users\HP\cambridge\ResearchProj\ResearchProject\methods.aux)
(C:\Users\HP\cambridge\ResearchProj\ResearchProject\resultsanddiscussion.aux))
Package logreq Info: Writing requests to 'Thesis.run.xml'.
 ) 
Here is how much of TeX's memory you used:
 9299 strings out of 494045
 147614 string characters out of 3148395
 305203 words of memory out of 3000000
 12430 multiletter control sequences out of 15000+200000
 8935 words of font info for 34 fonts, out of 3000000 for 9000
 715 hyphenation exceptions out of 8191
 44i,4n,42p,847b,620s stack positions out of 5000i,500n,10000p,200000b,50000s
<C:/Program Files/MiKTeX 2.9/fonts/type1/public/amsfonts/cm/cmmi12.pfb><C:/Pr
ogram Files/MiKTeX 2.9/fonts/type1/public/amsfonts/cm/cmr12.pfb><C:/Program Fil
es/MiKTeX 2.9/fonts/type1/public/amsfonts/cm/cmsl12.pfb>
Output written on Thesis.pdf (7 pages, 40263 bytes).
PDF statistics:
 38 PDF objects out of 1000 (max. 8388607)
 0 named destinations out of 1000 (max. 500000)
 1 words of extra memory for PDF output out of 10000 (max. 10000000)

